<?xml version="1.0" encoding="UTF-8"?>
<coverage generated="1630949676541" clover="3.2.0">
  <project timestamp="1630949676541" name="All files">
    <metrics statements="5" coveredstatements="5" conditionals="0" coveredconditionals="0" methods="6" coveredmethods="1" elements="11" coveredelements="6" complexity="0" loc="5" ncloc="5" packages="1" files="2" classes="2"/>
    <file name="date.js" path="/Users/PaolaEstefania/Desktop/Assembler/Proyectos VS Code/Proyectos/npm/npm-and-testing-basics/src/date.js">
      <metrics statements="2" coveredstatements="2" conditionals="0" coveredconditionals="0" methods="3" coveredmethods="0"/>
      <line num="1" count="1" type="stmt"/>
      <line num="20" count="1" type="stmt"/>
    </file>
    <file name="util.js" path="/Users/PaolaEstefania/Desktop/Assembler/Proyectos VS Code/Proyectos/npm/npm-and-testing-basics/src/util.js">
      <metrics statements="3" coveredstatements="3" conditionals="0" coveredconditionals="0" methods="3" coveredmethods="1"/>
      <line num="1" count="1" type="stmt"/>
      <line num="8" count="1" type="stmt"/>
      <line num="19" count="1" type="stmt"/>
    </file>
  </project>
</coverage>
