{"/Users/PaolaEstefania/Desktop/Assembler/Proyectos VS Code/Proyectos/npm/npm-and-testing-basics/src/date.js": {"path":"/Users/PaolaEstefania/Desktop/Assembler/Proyectos VS Code/Proyectos/npm/npm-and-testing-basics/src/date.js","statementMap":{"0":{"start":{"line":1,"column":13},"end":{"line":1,"column":30}},"1":{"start":{"line":20,"column":0},"end":{"line":24,"column":2}}},"fnMap":{"0":{"name":"getWeekDay","decl":{"start":{"line":7,"column":9},"end":{"line":7,"column":19}},"loc":{"start":{"line":7,"column":22},"end":{"line":10,"column":1}},"line":7},"1":{"name":"getCurrentMonth","decl":{"start":{"line":12,"column":9},"end":{"line":12,"column":24}},"loc":{"start":{"line":12,"column":27},"end":{"line":14,"column":1}},"line":12},"2":{"name":"getCurrentYear","decl":{"start":{"line":16,"column":9},"end":{"line":16,"column":23}},"loc":{"start":{"line":16,"column":26},"end":{"line":18,"column":1}},"line":16}},"branchMap":{},"s":{"0":1,"1":1},"f":{"0":0,"1":0,"2":0},"b":{},"_coverageSchema":"1a1c01bbd47fc00a2c39e90264f33305004495a9","hash":"47e57d8accdeffb42b56b6dd08356f8b4f2c55c5"}
,"/Users/PaolaEstefania/Desktop/Assembler/Proyectos VS Code/Proyectos/npm/npm-and-testing-basics/src/util.js": {"path":"/Users/PaolaEstefania/Desktop/Assembler/Proyectos VS Code/Proyectos/npm/npm-and-testing-basics/src/util.js","statementMap":{"0":{"start":{"line":1,"column":15},"end":{"line":1,"column":32}},"1":{"start":{"line":8,"column":2},"end":{"line":8,"column":70}},"2":{"start":{"line":19,"column":0},"end":{"line":23,"column":2}}},"fnMap":{"0":{"name":"createArray","decl":{"start":{"line":7,"column":9},"end":{"line":7,"column":20}},"loc":{"start":{"line":7,"column":32},"end":{"line":9,"column":1}},"line":7},"1":{"name":"toCamelCase","decl":{"start":{"line":11,"column":9},"end":{"line":11,"column":20}},"loc":{"start":{"line":11,"column":29},"end":{"line":13,"column":1}},"line":11},"2":{"name":"getIndexOf","decl":{"start":{"line":15,"column":9},"end":{"line":15,"column":19}},"loc":{"start":{"line":15,"column":34},"end":{"line":17,"column":1}},"line":15}},"branchMap":{},"s":{"0":1,"1":1,"2":1},"f":{"0":1,"1":0,"2":0},"b":{},"_coverageSchema":"1a1c01bbd47fc00a2c39e90264f33305004495a9","hash":"ba21ccb6f3fdfe1cb8eb6b32d541eda991a55546"}
}
